Running Gradle task 'assembleRelease'...                        
WARNING: Your app uses the following plugins that apply Kotlin Gradle Plugin (KGP): mobile_scanner, share_plus
Future versions of Flutter will fail to build if your app uses plugins that apply KGP.

Please check the changelogs of these plugins and upgrade to a version that supports Built-in Kotlin.
If no such version exists, report the issue to the plugin. If necessary, here is a guide on filing 
an issue against a plugin: https://docs.flutter.dev/release/breaking-changes/migrate-to-built-in-kotlin/for-app-developers#report-incompatible-kotlin-gradle-plugin-usage-to-plugin-authors

If you are a plugin author, please migrate your plugin to Built-in Kotlin using this guide: https://docs.flutter.dev/release/breaking-changes/migrate-to-built-in-kotlin/for-plugin-authors
Checking the license for package CMake 3.22.1 in /usr/local/lib/android/sdk/licenses
License for package CMake 3.22.1 accepted.
Preparing "Install CMake 3.22.1 v.3.22.1".
"Install CMake 3.22.1 v.3.22.1" ready.
Installing CMake 3.22.1 in /usr/local/lib/android/sdk/cmake/3.22.1
"Install CMake 3.22.1 v.3.22.1" complete.
"Install CMake 3.22.1 v.3.22.1" finished.
lib/store/app_state.dart:110:22: Error: The getter 'organizationId' isn't defined for the type 'AuthUser'.
 - 'AuthUser' is from 'package:doc_capture/services/auth_service.dart' ('lib/services/auth_service.dart').
Try correcting the name to the name of an existing getter, or defining a getter or field named 'organizationId'.
    if (currentUser?.organizationId != null) return; // only super-admin sees all orgs
                     ^^^^^^^^^^^^^^
lib/screens/inventory_screen.dart:137:48: Error: The getter 'organizationId' isn't defined for the type 'AuthUser'.
 - 'AuthUser' is from 'package:doc_capture/services/auth_service.dart' ('lib/services/auth_service.dart').
Try correcting the name to the name of an existing getter, or defining a getter or field named 'organizationId'.
    final isSuperAdmin = appState.currentUser?.organizationId == null;
                                               ^^^^^^^^^^^^^^
Target kernel_snapshot_program failed: Exception


FAILURE: Build failed with an exception.

* What went wrong:
Execution failed for task ':app:compileFlutterBuildRelease'.
> Process 'command '/opt/hostedtoolcache/flutter/stable-3.44.4-x64/flutter/bin/flutter'' finished with non-zero exit value 1

* Try:
> Run with --stacktrace option to get the stack trace.
> Run with --info or --debug option to get more log output.
> Run with --scan to generate a Build Scan (Powered by Develocity).
> Get more help at https://help.gradle.org.

BUILD FAILED in 3m 2s
Running Gradle task 'assembleRelease'...                          183.1s
Gradle task assembleRelease failed with exit code 1
